{"session":"37097b8b8ffa","build":"183.5912.21","bucket":"-1","time":1571704895030,"group":{"id":"system.os.name","version":"9"},"event":{"data":{"created":1571704895031},"id":"Windows"}}
{"session":"37097b8b8ffa","build":"183.5912.21","bucket":"-1","time":1571704895031,"group":{"id":"system.os.version","version":"9"},"event":{"data":{"created":1571704895066},"id":"10.0"}}
{"session":"37097b8b8ffa","build":"183.5912.21","bucket":"-1","time":1571704895031,"group":{"id":"system.jvm.vendor","version":"9"},"event":{"data":{"created":1571704895077},"id":"JetBrains_s.r.o"}}
{"session":"37097b8b8ffa","build":"183.5912.21","bucket":"-1","time":1571704895031,"group":{"id":"system.jvm.version","version":"9"},"event":{"data":{"created":1571704895079},"id":"1.8"}}
{"session":"37097b8b8ffa","build":"183.5912.21","bucket":"-1","time":1571704895070,"group":{"id":"settings","version":"9"},"event":{"data":{"created":1571704895080,"name":"activeMruEditorOnClose","value":false},"id":"UISettings"}}
{"session":"37097b8b8ffa","build":"183.5912.21","bucket":"-1","time":1571704895070,"group":{"id":"settings","version":"9"},"event":{"data":{"created":1571704895081,"name":"activeRightEditorOnClose","value":false},"id":"UISettings"}}
{"session":"37097b8b8ffa","build":"183.5912.21","bucket":"-1","time":1571704895070,"group":{"id":"settings","version":"9"},"event":{"data":{"created":1571704895082,"name":"allowMergeButtons","value":true},"id":"UISettings"}}
{"session":"37097b8b8ffa","build":"183.5912.21","bucket":"-1","time":1571704895070,"group":{"id":"settings","version":"9"},"event":{"data":{"created":1571704895082,"name":"alwaysShowWindowsButton","value":false},"id":"UISettings"}}
{"session":"37097b8b8ffa","build":"183.5912.21","bucket":"-1","time":1571704895070,"group":{"id":"settings","version":"9"},"event":{"data":{"created":1571704895083,"name":"animateWindows","value":true},"id":"UISettings"}}
{"session":"37097b8b8ffa","build":"183.5912.21","bucket":"-1","time":1571704895070,"group":{"id":"settings","version":"9"},"event":{"data":{"created":1571704895083,"name":"closeNonModifiedFilesFirst","value":false},"id":"UISettings"}}
{"session":"37097b8b8ffa","build":"183.5912.21","bucket":"-1","time":1571704895070,"group":{"id":"settings","version":"9"},"event":{"data":{"created":1571704895084,"name":"closeTabButtonOnTheRight","value":true},"id":"UISettings"}}
{"session":"37097b8b8ffa","build":"183.5912.21","bucket":"-1","time":1571704895070,"group":{"id":"settings","version":"9"},"event":{"data":{"created":1571704895084,"name":"cycleScrolling","value":true},"id":"UISettings"}}
{"session":"37097b8b8ffa","build":"183.5912.21","bucket":"-1","time":1571704895070,"group":{"id":"settings","version":"9"},"event":{"data":{"created":1571704895086,"name":"defaultAutoScrollToSource","value":false},"id":"UISettings"}}
{"session":"37097b8b8ffa","build":"183.5912.21","bucket":"-1","time":1571704895070,"group":{"id":"settings","version":"9"},"event":{"data":{"created":1571704895095,"name":"disableMnemonics","value":false},"id":"UISettings"}}
{"session":"37097b8b8ffa","build":"183.5912.21","bucket":"-1","time":1571704895070,"group":{"id":"settings","version":"9"},"event":{"data":{"created":1571704895096,"name":"disableMnemonicsInControls","value":false},"id":"UISettings"}}
{"session":"37097b8b8ffa","build":"183.5912.21","bucket":"-1","time":1571704895070,"group":{"id":"settings","version":"9"},"event":{"data":{"created":1571704895097,"name":"dndWithPressedAltOnly","value":false},"id":"UISettings"}}
{"session":"37097b8b8ffa","build":"183.5912.21","bucket":"-1","time":1571704895070,"group":{"id":"settings","version":"9"},"event":{"data":{"created":1571704895097,"name":"enableAlphaMode","value":false},"id":"UISettings"}}
{"session":"37097b8b8ffa","build":"183.5912.21","bucket":"-1","time":1571704895070,"group":{"id":"settings","version":"9"},"event":{"data":{"created":1571704895097,"name":"hideKnownExtensionInTabs","value":false},"id":"UISettings"}}
{"session":"37097b8b8ffa","build":"183.5912.21","bucket":"-1","time":1571704895070,"group":{"id":"settings","version":"9"},"event":{"data":{"created":1571704895098,"name":"hideNavigationOnFocusLoss","value":true},"id":"UISettings"}}
{"session":"37097b8b8ffa","build":"183.5912.21","bucket":"-1","time":1571704895070,"group":{"id":"settings","version":"9"},"event":{"data":{"created":1571704895098,"name":"hideTabsIfNeed","value":true},"id":"UISettings"}}
{"session":"37097b8b8ffa","build":"183.5912.21","bucket":"-1","time":1571704895070,"group":{"id":"settings","version":"9"},"event":{"data":{"created":1571704895100,"name":"hideToolStripes","value":false},"id":"UISettings"}}
{"session":"37097b8b8ffa","build":"183.5912.21","bucket":"-1","time":1571704895070,"group":{"id":"settings","version":"9"},"event":{"data":{"created":1571704895102,"name":"leftHorizontalSplit","value":false},"id":"UISettings"}}
{"session":"37097b8b8ffa","build":"183.5912.21","bucket":"-1","time":1571704895070,"group":{"id":"settings","version":"9"},"event":{"data":{"created":1571704895102,"name":"markModifiedTabsWithAsterisk","value":false},"id":"UISettings"}}
{"session":"37097b8b8ffa","build":"183.5912.21","bucket":"-1","time":1571704895070,"group":{"id":"settings","version":"9"},"event":{"data":{"created":1571704895103,"name":"mergeEqualStackTraces","value":true},"id":"UISettings"}}
{"session":"37097b8b8ffa","build":"183.5912.21","bucket":"-1","time":1571704895070,"group":{"id":"settings","version":"9"},"event":{"data":{"created":1571704895103,"name":"moveMouseOnDefaultButton","value":false},"id":"UISettings"}}
{"session":"37097b8b8ffa","build":"183.5912.21","bucket":"-1","time":1571704895070,"group":{"id":"settings","version":"9"},"event":{"data":{"created":1571704895103,"name":"navigateToPreview","value":false},"id":"UISettings"}}
{"session":"37097b8b8ffa","build":"183.5912.21","bucket":"-1","time":1571704895070,"group":{"id":"settings","version":"9"},"event":{"data":{"created":1571704895105,"name":"overrideConsoleCycleBufferSize","value":false},"id":"UISettings"}}
{"session":"37097b8b8ffa","build":"183.5912.21","bucket":"-1","time":1571704895070,"group":{"id":"settings","version":"9"},"event":{"data":{"created":1571704895106,"name":"overrideLafFonts","value":false},"id":"UISettings"}}
{"session":"37097b8b8ffa","build":"183.5912.21","bucket":"-1","time":1571704895070,"group":{"id":"settings","version":"9"},"event":{"data":{"created":1571704895106,"name":"pinFindInPath","value":false},"id":"UISettings"}}
{"session":"37097b8b8ffa","build":"183.5912.21","bucket":"-1","time":1571704895070,"group":{"id":"settings","version":"9"},"event":{"data":{"created":1571704895109,"name":"presentationMode","value":false},"id":"UISettings"}}
{"session":"37097b8b8ffa","build":"183.5912.21","bucket":"-1","time":1571704895070,"group":{"id":"settings","version":"9"},"event":{"data":{"created":1571704895109,"name":"reuseNotModifiedTabs","value":false},"id":"UISettings"}}
{"session":"37097b8b8ffa","build":"183.5912.21","bucket":"-1","time":1571704895070,"group":{"id":"settings","version":"9"},"event":{"data":{"created":1571704895109,"name":"rightHorizontalSplit","value":false},"id":"UISettings"}}
{"session":"37097b8b8ffa","build":"183.5912.21","bucket":"-1","time":1571704895070,"group":{"id":"settings","version":"9"},"event":{"data":{"created":1571704895110,"name":"scrollTabLayoutInEditor","value":true},"id":"UISettings"}}
{"session":"37097b8b8ffa","build":"183.5912.21","bucket":"-1","time":1571704895070,"group":{"id":"settings","version":"9"},"event":{"data":{"created":1571704895110,"name":"showCloseButton","value":true},"id":"UISettings"}}
{"session":"37097b8b8ffa","build":"183.5912.21","bucket":"-1","time":1571704895070,"group":{"id":"settings","version":"9"},"event":{"data":{"created":1571704895111,"name":"showDirectoryForNonUniqueFilenames","value":true},"id":"UISettings"}}
{"session":"37097b8b8ffa","build":"183.5912.21","bucket":"-1","time":1571704895070,"group":{"id":"settings","version":"9"},"event":{"data":{"created":1571704895111,"name":"showEditorToolTip","value":true},"id":"UISettings"}}
{"session":"37097b8b8ffa","build":"183.5912.21","bucket":"-1","time":1571704895070,"group":{"id":"settings","version":"9"},"event":{"data":{"created":1571704895112,"name":"showIconInQuickNavigation","value":true},"id":"UISettings"}}
{"session":"37097b8b8ffa","build":"183.5912.21","bucket":"-1","time":1571704895070,"group":{"id":"settings","version":"9"},"event":{"data":{"created":1571704895121,"name":"showIconsInMenus","value":true},"id":"UISettings"}}
{"session":"37097b8b8ffa","build":"183.5912.21","bucket":"-1","time":1571704895070,"group":{"id":"settings","version":"9"},"event":{"data":{"created":1571704895121,"name":"showMainToolbar","value":false},"id":"UISettings"}}
{"session":"37097b8b8ffa","build":"183.5912.21","bucket":"-1","time":1571704895070,"group":{"id":"settings","version":"9"},"event":{"data":{"created":1571704895129,"name":"showMemoryIndicator","value":false},"id":"UISettings"}}
{"session":"37097b8b8ffa","build":"183.5912.21","bucket":"-1","time":1571704895070,"group":{"id":"settings","version":"9"},"event":{"data":{"created":1571704895129,"name":"showNavigationBar","value":true},"id":"UISettings"}}
{"session":"37097b8b8ffa","build":"183.5912.21","bucket":"-1","time":1571704895070,"group":{"id":"settings","version":"9"},"event":{"data":{"created":1571704895130,"name":"showStatusBar","value":true},"id":"UISettings"}}
{"session":"37097b8b8ffa","build":"183.5912.21","bucket":"-1","time":1571704895070,"group":{"id":"settings","version":"9"},"event":{"data":{"created":1571704895130,"name":"showTabsTooltips","value":true},"id":"UISettings"}}
{"session":"37097b8b8ffa","build":"183.5912.21","bucket":"-1","time":1571704895070,"group":{"id":"settings","version":"9"},"event":{"data":{"created":1571704895130,"name":"showToolWindowsNumbers","value":true},"id":"UISettings"}}
{"session":"37097b8b8ffa","build":"183.5912.21","bucket":"-1","time":1571704895070,"group":{"id":"settings","version":"9"},"event":{"data":{"created":1571704895130,"name":"smoothScrolling","value":false},"id":"UISettings"}}
{"session":"37097b8b8ffa","build":"183.5912.21","bucket":"-1","time":1571704895070,"group":{"id":"settings","version":"9"},"event":{"data":{"created":1571704895130,"name":"sortBookmarks","value":false},"id":"UISettings"}}
{"session":"37097b8b8ffa","build":"183.5912.21","bucket":"-1","time":1571704895070,"group":{"id":"settings","version":"9"},"event":{"data":{"created":1571704895131,"name":"sortLookupElementsLexicographically","value":false},"id":"UISettings"}}
{"session":"37097b8b8ffa","build":"183.5912.21","bucket":"-1","time":1571704895070,"group":{"id":"settings","version":"9"},"event":{"data":{"created":1571704895131,"name":"useSmallLabelsOnTabs","value":false},"id":"UISettings"}}
{"session":"37097b8b8ffa","build":"183.5912.21","bucket":"-1","time":1571704895070,"group":{"id":"settings","version":"9"},"event":{"data":{"created":1571704895131,"name":"wideScreenSupport","value":false},"id":"UISettings"}}
{"session":"37097b8b8ffa","build":"183.5912.21","bucket":"-1","time":1571704898400,"group":{"id":"settings","version":"9"},"event":{"data":{"created":1571704898400,"name":"autoSaveIfInactive","value":false},"id":"GeneralSettings"}}
{"session":"37097b8b8ffa","build":"183.5912.21","bucket":"-1","time":1571704898400,"group":{"id":"settings","version":"9"},"event":{"data":{"default":false,"created":1571704898401,"name":"confirmExit","value":false},"id":"GeneralSettings"}}
{"session":"37097b8b8ffa","build":"183.5912.21","bucket":"-1","time":1571704898400,"group":{"id":"settings","version":"9"},"event":{"data":{"created":1571704898407,"name":"reopenLastProject","value":true},"id":"GeneralSettings"}}
{"session":"37097b8b8ffa","build":"183.5912.21","bucket":"-1","time":1571704898400,"group":{"id":"settings","version":"9"},"event":{"data":{"created":1571704898407,"name":"saveOnFrameDeactivation","value":true},"id":"GeneralSettings"}}
{"session":"37097b8b8ffa","build":"183.5912.21","bucket":"-1","time":1571704898400,"group":{"id":"settings","version":"9"},"event":{"data":{"created":1571704898407,"name":"searchInBackground","value":false},"id":"GeneralSettings"}}
{"session":"37097b8b8ffa","build":"183.5912.21","bucket":"-1","time":1571704898400,"group":{"id":"settings","version":"9"},"event":{"data":{"default":false,"created":1571704898408,"name":"showTipsOnStartup","value":false},"id":"GeneralSettings"}}
{"session":"37097b8b8ffa","build":"183.5912.21","bucket":"-1","time":1571704898400,"group":{"id":"settings","version":"9"},"event":{"data":{"created":1571704898408,"name":"showWelcomeScreen","value":true},"id":"GeneralSettings"}}
{"session":"37097b8b8ffa","build":"183.5912.21","bucket":"-1","time":1571704898400,"group":{"id":"settings","version":"9"},"event":{"data":{"created":1571704898408,"name":"supportScreenReaders","value":false},"id":"GeneralSettings"}}
{"session":"37097b8b8ffa","build":"183.5912.21","bucket":"-1","time":1571704898400,"group":{"id":"settings","version":"9"},"event":{"data":{"created":1571704898409,"name":"syncOnFrameActivation","value":true},"id":"GeneralSettings"}}
{"session":"37097b8b8ffa","build":"183.5912.21","bucket":"-1","time":1571704898400,"group":{"id":"settings","version":"9"},"event":{"data":{"created":1571704898409,"name":"useDefaultBrowser","value":true},"id":"GeneralSettings"}}
{"session":"37097b8b8ffa","build":"183.5912.21","bucket":"-1","time":1571704898400,"group":{"id":"settings","version":"9"},"event":{"data":{"created":1571704898409,"name":"useSafeWrite","value":true},"id":"GeneralSettings"}}
{"session":"37097b8b8ffa","build":"183.5912.21","bucket":"-1","time":1571704911406,"group":{"id":"ui.dialogs","version":"9"},"event":{"count":1,"data":{"created":1571704911407,"type":"show"},"id":"com.intellij.openapi.progress.util.ProgressDialog$MyDialogWrapper"}}
{"session":"37097b8b8ffa","build":"183.5912.21","bucket":"-1","time":1571704911602,"group":{"id":"statistics.lifecycle.app","version":"9"},"event":{"count":1,"data":{"created":1571704911602,"data_2":"10+","data_1":"timeSecondsGrouped"},"id":"ide.freeze"}}
{"session":"37097b8b8ffa","build":"183.5912.21","bucket":"-1","time":1571704911653,"group":{"id":"lifecycle","version":"9"},"event":{"count":1,"data":{"durationSeconds":13,"created":1571704911653},"id":"ide.freeze"}}
{"session":"37097b8b8ffa","build":"183.5912.21","bucket":"-1","time":1571704925769,"group":{"id":"ui.dialogs","version":"9"},"event":{"count":1,"data":{"code":1,"created":1571704925769,"type":"close"},"id":"com.intellij.openapi.progress.util.ProgressDialog$MyDialogWrapper"}}
{"session":"37097b8b8ffa","build":"183.5912.21","bucket":"-1","time":1571704926150,"group":{"id":"statistics.lifecycle.project","version":"9"},"event":{"count":1,"data":{"created":1571704926155,"project":"-871755577"},"id":"project.opened"}}
{"session":"37097b8b8ffa","build":"183.5912.21","bucket":"-1","time":1571704926151,"group":{"id":"lifecycle","version":"9"},"event":{"count":1,"data":{"created":1571704926156},"id":"project.opened"}}
{"session":"37097b8b8ffa","build":"183.5912.21","bucket":"-1","time":1571704932103,"group":{"id":"ui.dialogs","version":"9"},"event":{"count":1,"data":{"created":1571704932105,"type":"show"},"id":"com.intellij.openapi.progress.util.ProgressDialog$MyDialogWrapper"}}
{"session":"37097b8b8ffa","build":"183.5912.21","bucket":"-1","time":1571704932710,"group":{"id":"statistics.lifecycle.app","version":"9"},"event":{"count":1,"data":{"created":1571704932710,"data_2":"7","data_1":"timeSecondsGrouped"},"id":"ide.freeze"}}
{"session":"37097b8b8ffa","build":"183.5912.21","bucket":"-1","time":1571704932711,"group":{"id":"lifecycle","version":"9"},"event":{"count":1,"data":{"durationSeconds":7,"created":1571704932711},"id":"ide.freeze"}}
{"session":"37097b8b8ffa","build":"183.5912.21","bucket":"-1","time":1571704933243,"group":{"id":"toolwindow.v2","version":"9"},"event":{"count":1,"data":{"created":1571704933243,"data_1":"Windows"},"id":"Project_by_Activation"}}
{"session":"37097b8b8ffa","build":"183.5912.21","bucket":"-1","time":1571704935006,"group":{"id":"statistics.lifecycle.app","version":"9"},"event":{"count":1,"data":{"created":1571704935006},"id":"ide.start"}}
{"session":"37097b8b8ffa","build":"183.5912.21","bucket":"-1","time":1571704935006,"group":{"id":"lifecycle","version":"9"},"event":{"count":1,"data":{"created":1571704935006},"id":"app.started"}}
{"session":"37097b8b8ffa","build":"183.5912.21","bucket":"-1","time":1571704937146,"group":{"id":"ui.dialogs","version":"9"},"event":{"count":1,"data":{"code":1,"created":1571704937146,"type":"close"},"id":"com.intellij.openapi.progress.util.ProgressDialog$MyDialogWrapper"}}
{"session":"37097b8b8ffa","build":"183.5912.21","bucket":"-1","time":1571704937459,"group":{"id":"statistics.lifecycle.project","version":"9"},"event":{"count":1,"data":{"created":1571704937459,"project":"-871755577"},"id":"project.open.time.27"}}
{"session":"37097b8b8ffa","build":"183.5912.21","bucket":"-1","time":1571704937459,"group":{"id":"lifecycle","version":"9"},"event":{"count":1,"data":{"created":1571704937463,"time.ms":27078},"id":"project.opening.finished"}}
{"session":"37097b8b8ffa","build":"183.5912.21","bucket":"-1","time":1571704961888,"group":{"id":"statistics.lifecycle.app","version":"9"},"event":{"count":1,"data":{"created":1571704961888},"id":"ide.close"}}
{"session":"37097b8b8ffa","build":"183.5912.21","bucket":"-1","time":1571704961888,"group":{"id":"lifecycle","version":"9"},"event":{"count":1,"data":{"restart":false,"created":1571704961888},"id":"app.closed"}}
{"session":"37097b8b8ffa","build":"183.5912.21","bucket":"-1","time":1571704961956,"group":{"id":"statistics.lifecycle.project","version":"9"},"event":{"count":1,"data":{"created":1571704961956,"project":"-871755577"},"id":"project.closed"}}
{"session":"37097b8b8ffa","build":"183.5912.21","bucket":"-1","time":1571704962397,"group":{"id":"lifecycle","version":"9"},"event":{"count":1,"data":{"created":1571704962397},"id":"project.closed"}}
