{"session":"560570870936","build":"183.5912.21","bucket":"-1","time":1571637583656,"group":{"id":"system.os.name","version":"9"},"event":{"data":{"created":1571637583657},"id":"Windows"}}
{"session":"560570870936","build":"183.5912.21","bucket":"-1","time":1571637583657,"group":{"id":"system.os.version","version":"9"},"event":{"data":{"created":1571637583704},"id":"10.0"}}
{"session":"560570870936","build":"183.5912.21","bucket":"-1","time":1571637583657,"group":{"id":"system.jvm.vendor","version":"9"},"event":{"data":{"created":1571637583715},"id":"JetBrains_s.r.o"}}
{"session":"560570870936","build":"183.5912.21","bucket":"-1","time":1571637583657,"group":{"id":"system.jvm.version","version":"9"},"event":{"data":{"created":1571637583716},"id":"1.8"}}
{"session":"560570870936","build":"183.5912.21","bucket":"-1","time":1571637583684,"group":{"id":"settings","version":"9"},"event":{"data":{"created":1571637583716,"name":"activeMruEditorOnClose","value":false},"id":"UISettings"}}
{"session":"560570870936","build":"183.5912.21","bucket":"-1","time":1571637583684,"group":{"id":"settings","version":"9"},"event":{"data":{"created":1571637583717,"name":"activeRightEditorOnClose","value":false},"id":"UISettings"}}
{"session":"560570870936","build":"183.5912.21","bucket":"-1","time":1571637583684,"group":{"id":"settings","version":"9"},"event":{"data":{"created":1571637583718,"name":"allowMergeButtons","value":true},"id":"UISettings"}}
{"session":"560570870936","build":"183.5912.21","bucket":"-1","time":1571637583684,"group":{"id":"settings","version":"9"},"event":{"data":{"created":1571637583721,"name":"alwaysShowWindowsButton","value":false},"id":"UISettings"}}
{"session":"560570870936","build":"183.5912.21","bucket":"-1","time":1571637583684,"group":{"id":"settings","version":"9"},"event":{"data":{"created":1571637583721,"name":"animateWindows","value":true},"id":"UISettings"}}
{"session":"560570870936","build":"183.5912.21","bucket":"-1","time":1571637583684,"group":{"id":"settings","version":"9"},"event":{"data":{"created":1571637583722,"name":"closeNonModifiedFilesFirst","value":false},"id":"UISettings"}}
{"session":"560570870936","build":"183.5912.21","bucket":"-1","time":1571637583684,"group":{"id":"settings","version":"9"},"event":{"data":{"created":1571637583723,"name":"closeTabButtonOnTheRight","value":true},"id":"UISettings"}}
{"session":"560570870936","build":"183.5912.21","bucket":"-1","time":1571637583684,"group":{"id":"settings","version":"9"},"event":{"data":{"created":1571637583723,"name":"cycleScrolling","value":true},"id":"UISettings"}}
{"session":"560570870936","build":"183.5912.21","bucket":"-1","time":1571637583684,"group":{"id":"settings","version":"9"},"event":{"data":{"created":1571637583724,"name":"defaultAutoScrollToSource","value":false},"id":"UISettings"}}
{"session":"560570870936","build":"183.5912.21","bucket":"-1","time":1571637583684,"group":{"id":"settings","version":"9"},"event":{"data":{"created":1571637583724,"name":"disableMnemonics","value":false},"id":"UISettings"}}
{"session":"560570870936","build":"183.5912.21","bucket":"-1","time":1571637583684,"group":{"id":"settings","version":"9"},"event":{"data":{"created":1571637583724,"name":"disableMnemonicsInControls","value":false},"id":"UISettings"}}
{"session":"560570870936","build":"183.5912.21","bucket":"-1","time":1571637583684,"group":{"id":"settings","version":"9"},"event":{"data":{"created":1571637583725,"name":"dndWithPressedAltOnly","value":false},"id":"UISettings"}}
{"session":"560570870936","build":"183.5912.21","bucket":"-1","time":1571637583684,"group":{"id":"settings","version":"9"},"event":{"data":{"created":1571637583725,"name":"enableAlphaMode","value":false},"id":"UISettings"}}
{"session":"560570870936","build":"183.5912.21","bucket":"-1","time":1571637583684,"group":{"id":"settings","version":"9"},"event":{"data":{"created":1571637583726,"name":"hideKnownExtensionInTabs","value":false},"id":"UISettings"}}
{"session":"560570870936","build":"183.5912.21","bucket":"-1","time":1571637583684,"group":{"id":"settings","version":"9"},"event":{"data":{"created":1571637583726,"name":"hideNavigationOnFocusLoss","value":true},"id":"UISettings"}}
{"session":"560570870936","build":"183.5912.21","bucket":"-1","time":1571637583685,"group":{"id":"settings","version":"9"},"event":{"data":{"created":1571637583727,"name":"hideTabsIfNeed","value":true},"id":"UISettings"}}
{"session":"560570870936","build":"183.5912.21","bucket":"-1","time":1571637583685,"group":{"id":"settings","version":"9"},"event":{"data":{"created":1571637583729,"name":"hideToolStripes","value":false},"id":"UISettings"}}
{"session":"560570870936","build":"183.5912.21","bucket":"-1","time":1571637583685,"group":{"id":"settings","version":"9"},"event":{"data":{"created":1571637583729,"name":"leftHorizontalSplit","value":false},"id":"UISettings"}}
{"session":"560570870936","build":"183.5912.21","bucket":"-1","time":1571637583685,"group":{"id":"settings","version":"9"},"event":{"data":{"created":1571637583730,"name":"markModifiedTabsWithAsterisk","value":false},"id":"UISettings"}}
{"session":"560570870936","build":"183.5912.21","bucket":"-1","time":1571637583685,"group":{"id":"settings","version":"9"},"event":{"data":{"created":1571637583731,"name":"mergeEqualStackTraces","value":true},"id":"UISettings"}}
{"session":"560570870936","build":"183.5912.21","bucket":"-1","time":1571637583685,"group":{"id":"settings","version":"9"},"event":{"data":{"created":1571637583731,"name":"moveMouseOnDefaultButton","value":false},"id":"UISettings"}}
{"session":"560570870936","build":"183.5912.21","bucket":"-1","time":1571637583685,"group":{"id":"settings","version":"9"},"event":{"data":{"created":1571637583732,"name":"navigateToPreview","value":false},"id":"UISettings"}}
{"session":"560570870936","build":"183.5912.21","bucket":"-1","time":1571637583685,"group":{"id":"settings","version":"9"},"event":{"data":{"created":1571637583732,"name":"overrideConsoleCycleBufferSize","value":false},"id":"UISettings"}}
{"session":"560570870936","build":"183.5912.21","bucket":"-1","time":1571637583685,"group":{"id":"settings","version":"9"},"event":{"data":{"created":1571637583733,"name":"overrideLafFonts","value":false},"id":"UISettings"}}
{"session":"560570870936","build":"183.5912.21","bucket":"-1","time":1571637583685,"group":{"id":"settings","version":"9"},"event":{"data":{"created":1571637583733,"name":"pinFindInPath","value":false},"id":"UISettings"}}
{"session":"560570870936","build":"183.5912.21","bucket":"-1","time":1571637583685,"group":{"id":"settings","version":"9"},"event":{"data":{"created":1571637583740,"name":"presentationMode","value":false},"id":"UISettings"}}
{"session":"560570870936","build":"183.5912.21","bucket":"-1","time":1571637583685,"group":{"id":"settings","version":"9"},"event":{"data":{"created":1571637583740,"name":"reuseNotModifiedTabs","value":false},"id":"UISettings"}}
{"session":"560570870936","build":"183.5912.21","bucket":"-1","time":1571637583685,"group":{"id":"settings","version":"9"},"event":{"data":{"created":1571637583741,"name":"rightHorizontalSplit","value":false},"id":"UISettings"}}
{"session":"560570870936","build":"183.5912.21","bucket":"-1","time":1571637583685,"group":{"id":"settings","version":"9"},"event":{"data":{"created":1571637583741,"name":"scrollTabLayoutInEditor","value":true},"id":"UISettings"}}
{"session":"560570870936","build":"183.5912.21","bucket":"-1","time":1571637583685,"group":{"id":"settings","version":"9"},"event":{"data":{"created":1571637583742,"name":"showCloseButton","value":true},"id":"UISettings"}}
{"session":"560570870936","build":"183.5912.21","bucket":"-1","time":1571637583685,"group":{"id":"settings","version":"9"},"event":{"data":{"created":1571637583742,"name":"showDirectoryForNonUniqueFilenames","value":true},"id":"UISettings"}}
{"session":"560570870936","build":"183.5912.21","bucket":"-1","time":1571637583685,"group":{"id":"settings","version":"9"},"event":{"data":{"created":1571637583742,"name":"showEditorToolTip","value":true},"id":"UISettings"}}
{"session":"560570870936","build":"183.5912.21","bucket":"-1","time":1571637583685,"group":{"id":"settings","version":"9"},"event":{"data":{"created":1571637583743,"name":"showIconInQuickNavigation","value":true},"id":"UISettings"}}
{"session":"560570870936","build":"183.5912.21","bucket":"-1","time":1571637583685,"group":{"id":"settings","version":"9"},"event":{"data":{"created":1571637583743,"name":"showIconsInMenus","value":true},"id":"UISettings"}}
{"session":"560570870936","build":"183.5912.21","bucket":"-1","time":1571637583685,"group":{"id":"settings","version":"9"},"event":{"data":{"created":1571637583745,"name":"showMainToolbar","value":false},"id":"UISettings"}}
{"session":"560570870936","build":"183.5912.21","bucket":"-1","time":1571637583685,"group":{"id":"settings","version":"9"},"event":{"data":{"created":1571637583746,"name":"showMemoryIndicator","value":false},"id":"UISettings"}}
{"session":"560570870936","build":"183.5912.21","bucket":"-1","time":1571637583685,"group":{"id":"settings","version":"9"},"event":{"data":{"created":1571637583746,"name":"showNavigationBar","value":true},"id":"UISettings"}}
{"session":"560570870936","build":"183.5912.21","bucket":"-1","time":1571637583685,"group":{"id":"settings","version":"9"},"event":{"data":{"created":1571637583746,"name":"showStatusBar","value":true},"id":"UISettings"}}
{"session":"560570870936","build":"183.5912.21","bucket":"-1","time":1571637583685,"group":{"id":"settings","version":"9"},"event":{"data":{"created":1571637583747,"name":"showTabsTooltips","value":true},"id":"UISettings"}}
{"session":"560570870936","build":"183.5912.21","bucket":"-1","time":1571637583685,"group":{"id":"settings","version":"9"},"event":{"data":{"created":1571637583747,"name":"showToolWindowsNumbers","value":true},"id":"UISettings"}}
{"session":"560570870936","build":"183.5912.21","bucket":"-1","time":1571637583685,"group":{"id":"settings","version":"9"},"event":{"data":{"created":1571637583747,"name":"smoothScrolling","value":false},"id":"UISettings"}}
{"session":"560570870936","build":"183.5912.21","bucket":"-1","time":1571637583685,"group":{"id":"settings","version":"9"},"event":{"data":{"created":1571637583747,"name":"sortBookmarks","value":false},"id":"UISettings"}}
{"session":"560570870936","build":"183.5912.21","bucket":"-1","time":1571637583685,"group":{"id":"settings","version":"9"},"event":{"data":{"created":1571637583748,"name":"sortLookupElementsLexicographically","value":false},"id":"UISettings"}}
{"session":"560570870936","build":"183.5912.21","bucket":"-1","time":1571637583685,"group":{"id":"settings","version":"9"},"event":{"data":{"created":1571637583748,"name":"useSmallLabelsOnTabs","value":false},"id":"UISettings"}}
{"session":"560570870936","build":"183.5912.21","bucket":"-1","time":1571637583685,"group":{"id":"settings","version":"9"},"event":{"data":{"created":1571637583748,"name":"wideScreenSupport","value":false},"id":"UISettings"}}
{"session":"560570870936","build":"183.5912.21","bucket":"-1","time":1571637586998,"group":{"id":"settings","version":"9"},"event":{"data":{"created":1571637586999,"name":"autoSaveIfInactive","value":false},"id":"GeneralSettings"}}
{"session":"560570870936","build":"183.5912.21","bucket":"-1","time":1571637586998,"group":{"id":"settings","version":"9"},"event":{"data":{"default":false,"created":1571637586999,"name":"confirmExit","value":false},"id":"GeneralSettings"}}
{"session":"560570870936","build":"183.5912.21","bucket":"-1","time":1571637586998,"group":{"id":"settings","version":"9"},"event":{"data":{"created":1571637587002,"name":"reopenLastProject","value":true},"id":"GeneralSettings"}}
{"session":"560570870936","build":"183.5912.21","bucket":"-1","time":1571637586998,"group":{"id":"settings","version":"9"},"event":{"data":{"created":1571637587002,"name":"saveOnFrameDeactivation","value":true},"id":"GeneralSettings"}}
{"session":"560570870936","build":"183.5912.21","bucket":"-1","time":1571637586998,"group":{"id":"settings","version":"9"},"event":{"data":{"created":1571637587004,"name":"searchInBackground","value":false},"id":"GeneralSettings"}}
{"session":"560570870936","build":"183.5912.21","bucket":"-1","time":1571637586998,"group":{"id":"settings","version":"9"},"event":{"data":{"default":false,"created":1571637587005,"name":"showTipsOnStartup","value":false},"id":"GeneralSettings"}}
{"session":"560570870936","build":"183.5912.21","bucket":"-1","time":1571637586998,"group":{"id":"settings","version":"9"},"event":{"data":{"created":1571637587005,"name":"showWelcomeScreen","value":true},"id":"GeneralSettings"}}
{"session":"560570870936","build":"183.5912.21","bucket":"-1","time":1571637586998,"group":{"id":"settings","version":"9"},"event":{"data":{"created":1571637587005,"name":"supportScreenReaders","value":false},"id":"GeneralSettings"}}
{"session":"560570870936","build":"183.5912.21","bucket":"-1","time":1571637586998,"group":{"id":"settings","version":"9"},"event":{"data":{"created":1571637587006,"name":"syncOnFrameActivation","value":true},"id":"GeneralSettings"}}
{"session":"560570870936","build":"183.5912.21","bucket":"-1","time":1571637586998,"group":{"id":"settings","version":"9"},"event":{"data":{"created":1571637587006,"name":"useDefaultBrowser","value":true},"id":"GeneralSettings"}}
{"session":"560570870936","build":"183.5912.21","bucket":"-1","time":1571637586998,"group":{"id":"settings","version":"9"},"event":{"data":{"created":1571637587006,"name":"useSafeWrite","value":true},"id":"GeneralSettings"}}
{"session":"560570870936","build":"183.5912.21","bucket":"-1","time":1571637599699,"group":{"id":"ui.dialogs","version":"9"},"event":{"count":1,"data":{"created":1571637599699,"type":"show"},"id":"com.intellij.openapi.progress.util.ProgressDialog$MyDialogWrapper"}}
{"session":"560570870936","build":"183.5912.21","bucket":"-1","time":1571637600284,"group":{"id":"statistics.lifecycle.app","version":"9"},"event":{"count":1,"data":{"created":1571637600284,"data_2":"10+","data_1":"timeSecondsGrouped"},"id":"ide.freeze"}}
{"session":"560570870936","build":"183.5912.21","bucket":"-1","time":1571637600360,"group":{"id":"lifecycle","version":"9"},"event":{"count":1,"data":{"durationSeconds":13,"created":1571637600360},"id":"ide.freeze"}}
{"session":"560570870936","build":"183.5912.21","bucket":"-1","time":1571637610206,"group":{"id":"statistics.ide.self.update","version":"9"},"event":{"count":1,"data":{"created":1571637610207},"id":"notification.shown"}}
{"session":"560570870936","build":"183.5912.21","bucket":"-1","time":1571637617816,"group":{"id":"ui.dialogs","version":"9"},"event":{"count":1,"data":{"code":1,"created":1571637617816,"type":"close"},"id":"com.intellij.openapi.progress.util.ProgressDialog$MyDialogWrapper"}}
{"session":"560570870936","build":"183.5912.21","bucket":"-1","time":1571637618471,"group":{"id":"statistics.lifecycle.project","version":"9"},"event":{"count":1,"data":{"created":1571637618472,"project":"1016230502"},"id":"project.opened"}}
{"session":"560570870936","build":"183.5912.21","bucket":"-1","time":1571637618472,"group":{"id":"lifecycle","version":"9"},"event":{"count":1,"data":{"created":1571637618475},"id":"project.opened"}}
{"session":"560570870936","build":"183.5912.21","bucket":"-1","time":1571637623625,"group":{"id":"ui.dialogs","version":"9"},"event":{"count":1,"data":{"created":1571637623626,"type":"show"},"id":"com.intellij.openapi.progress.util.ProgressDialog$MyDialogWrapper"}}
{"session":"560570870936","build":"183.5912.21","bucket":"-1","time":1571637624448,"group":{"id":"statistics.lifecycle.app","version":"9"},"event":{"count":1,"data":{"created":1571637624448,"data_2":"7","data_1":"timeSecondsGrouped"},"id":"ide.freeze"}}
{"session":"560570870936","build":"183.5912.21","bucket":"-1","time":1571637624448,"group":{"id":"lifecycle","version":"9"},"event":{"count":1,"data":{"durationSeconds":7,"created":1571637624448},"id":"ide.freeze"}}
{"session":"560570870936","build":"183.5912.21","bucket":"-1","time":1571637633256,"group":{"id":"toolwindow.v2","version":"9"},"event":{"count":1,"data":{"created":1571637633256,"data_1":"Windows"},"id":"Project_by_Activation"}}
{"session":"560570870936","build":"183.5912.21","bucket":"-1","time":1571637634327,"group":{"id":"statistics.lifecycle.app","version":"9"},"event":{"count":1,"data":{"created":1571637634327},"id":"ide.start"}}
{"session":"560570870936","build":"183.5912.21","bucket":"-1","time":1571637634327,"group":{"id":"lifecycle","version":"9"},"event":{"count":1,"data":{"created":1571637634341},"id":"app.started"}}
{"session":"560570870936","build":"183.5912.21","bucket":"-1","time":1571637636603,"group":{"id":"ui.dialogs","version":"9"},"event":{"count":1,"data":{"code":1,"created":1571637636605,"type":"close"},"id":"com.intellij.openapi.progress.util.ProgressDialog$MyDialogWrapper"}}
{"session":"560570870936","build":"183.5912.21","bucket":"-1","time":1571637637005,"group":{"id":"statistics.lifecycle.project","version":"9"},"event":{"count":1,"data":{"created":1571637637006,"project":"1016230502"},"id":"project.open.time.38"}}
{"session":"560570870936","build":"183.5912.21","bucket":"-1","time":1571637637006,"group":{"id":"lifecycle","version":"9"},"event":{"count":1,"data":{"created":1571637637008,"time.ms":38498},"id":"project.opening.finished"}}
{"session":"560570870936","build":"183.5912.21","bucket":"-1","time":1571637660273,"group":{"id":"actions.v2","version":"9"},"event":{"count":1,"data":{"context_menu":false,"created":1571637660274,"data_1":"Windows","input_event":"Ctrl+C"},"id":"EditorCopy"}}
{"session":"560570870936","build":"183.5912.21","bucket":"-1","time":1571637660708,"group":{"id":"actions.v2","version":"9"},"event":{"count":1,"data":{"context_menu":false,"created":1571637660708,"data_1":"Windows","input_event":"Backspace"},"id":"EditorBackSpace"}}
{"session":"560570870936","build":"183.5912.21","bucket":"-1","time":1571637661490,"group":{"id":"actions.v2","version":"9"},"event":{"count":1,"data":{"context_menu":false,"created":1571637661491,"data_1":"Windows","input_event":"Ctrl+S"},"id":"SaveAll"}}
{"session":"560570870936","build":"183.5912.21","bucket":"-1","time":1571637676746,"group":{"id":"statistics.actions.main.menu.v2","version":"9"},"event":{"count":1,"data":{"created":1571637676746,"data_1":"Windows"},"id":"File_->_Close_Project"}}
{"session":"560570870936","build":"183.5912.21","bucket":"-1","time":1571637676761,"group":{"id":"actions.v2","version":"9"},"event":{"count":1,"data":{"context_menu":true,"created":1571637676761,"place":"MainMenu","data_1":"Windows"},"id":"CloseProject"}}
{"session":"560570870936","build":"183.5912.21","bucket":"-1","time":1571637676764,"group":{"id":"statistics.lifecycle.project","version":"9"},"event":{"count":1,"data":{"created":1571637676764,"project":"1016230502"},"id":"project.closed"}}
{"session":"560570870936","build":"183.5912.21","bucket":"-1","time":1571637676973,"group":{"id":"lifecycle","version":"9"},"event":{"count":1,"data":{"created":1571637676973},"id":"project.closed"}}
{"session":"560570870936","build":"183.5912.21","bucket":"-1","time":1571637680610,"group":{"id":"actions.v2","version":"9"},"event":{"count":1,"data":{"context_menu":false,"created":1571637680610,"data_1":"Windows"},"id":"WelcomeScreen.CreateNewProject"}}
{"session":"560570870936","build":"183.5912.21","bucket":"-1","time":1571637681895,"group":{"id":"ui.dialogs","version":"9"},"event":{"count":1,"data":{"created":1571637681895,"type":"show"},"id":"com.intellij.ide.projectWizard.NewProjectWizard"}}
{"session":"560570870936","build":"183.5912.21","bucket":"-1","time":1571637682407,"group":{"id":"ui.dialogs","version":"9"},"event":{"count":1,"data":{"created":1571637682407,"type":"show"},"id":"com.intellij.openapi.progress.util.ProgressDialog$MyDialogWrapper"}}
{"session":"560570870936","build":"183.5912.21","bucket":"-1","time":1571637687803,"group":{"id":"ui.dialogs","version":"9"},"event":{"count":1,"data":{"code":1,"created":1571637687803,"type":"close"},"id":"com.intellij.openapi.progress.util.ProgressDialog$MyDialogWrapper"}}
{"session":"560570870936","build":"183.5912.21","bucket":"-1","time":1571637700596,"group":{"id":"ui.dialogs","version":"9"},"event":{"count":1,"data":{"code":0,"created":1571637700596,"type":"close"},"id":"com.intellij.ide.projectWizard.NewProjectWizard"}}
{"session":"560570870936","build":"183.5912.21","bucket":"-1","time":1571637703817,"group":{"id":"statistics.lifecycle.project","version":"9"},"event":{"count":1,"data":{"created":1571637703819,"project":"-1481913667"},"id":"project.opened"}}
{"session":"560570870936","build":"183.5912.21","bucket":"-1","time":1571637703818,"group":{"id":"lifecycle","version":"9"},"event":{"count":1,"data":{"created":1571637703819},"id":"project.opened"}}
{"session":"560570870936","build":"183.5912.21","bucket":"-1","time":1571637704841,"group":{"id":"statistics.lifecycle.project","version":"9"},"event":{"count":1,"data":{"created":1571637704841,"project":"-1481913667"},"id":"project.open.time.4"}}
{"session":"560570870936","build":"183.5912.21","bucket":"-1","time":1571637704841,"group":{"id":"lifecycle","version":"9"},"event":{"count":1,"data":{"created":1571637704841,"time.ms":4165},"id":"project.opening.finished"}}
{"session":"560570870936","build":"183.5912.21","bucket":"-1","time":1571637705689,"group":{"id":"toolwindow.v2","version":"9"},"event":{"count":1,"data":{"created":1571637705689,"data_1":"Windows"},"id":"Project_by_Activation"}}
{"session":"560570870936","build":"183.5912.21","bucket":"-1","time":1571637717645,"group":{"id":"ui.dialogs","version":"9"},"event":{"count":1,"data":{"created":1571637717645,"type":"show"},"id":"com.intellij.openapi.options.newEditor.SettingsDialog"}}
{"session":"560570870936","build":"183.5912.21","bucket":"-1","time":1571637717682,"group":{"id":"actions.v2","version":"9"},"event":{"count":1,"data":{"context_menu":false,"created":1571637717682,"data_1":"Windows","input_event":"Ctrl+C"},"id":"$Copy"}}
{"session":"560570870936","build":"183.5912.21","bucket":"-1","time":1571637719594,"group":{"id":"ui.dialogs","version":"9"},"event":{"count":1,"data":{"code":1,"created":1571637719594,"type":"close"},"id":"com.intellij.openapi.options.newEditor.SettingsDialog"}}
{"session":"560570870936","build":"183.5912.21","bucket":"-1","time":1571637738357,"group":{"id":"ui.dialogs","version":"9"},"event":{"count":1,"data":{"created":1571637738357,"type":"show"},"id":"com.intellij.openapi.options.newEditor.SettingsDialog"}}
{"session":"560570870936","build":"183.5912.21","bucket":"-1","time":1571637738432,"group":{"id":"actions.v2","version":"9"},"event":{"count":1,"data":{"context_menu":false,"created":1571637738432,"data_1":"Windows","input_event":"Ctrl+C"},"id":"$Copy"}}
{"session":"560570870936","build":"183.5912.21","bucket":"-1","time":1571637740354,"group":{"id":"ui.dialogs","version":"9"},"event":{"count":1,"data":{"code":1,"created":1571637740354,"type":"close"},"id":"com.intellij.openapi.options.newEditor.SettingsDialog"}}
{"session":"560570870936","build":"183.5912.21","bucket":"-1","time":1571637744825,"group":{"id":"statistics.actions.main.menu.v2","version":"9"},"event":{"count":1,"data":{"created":1571637744825,"data_1":"Windows"},"id":"File_->_Close_Project"}}
{"session":"560570870936","build":"183.5912.21","bucket":"-1","time":1571637744828,"group":{"id":"actions.v2","version":"9"},"event":{"count":1,"data":{"context_menu":true,"created":1571637744828,"place":"MainMenu","data_1":"Windows"},"id":"CloseProject"}}
{"session":"560570870936","build":"183.5912.21","bucket":"-1","time":1571637744829,"group":{"id":"statistics.lifecycle.project","version":"9"},"event":{"count":1,"data":{"created":1571637744829,"project":"-1481913667"},"id":"project.closed"}}
{"session":"560570870936","build":"183.5912.21","bucket":"-1","time":1571637745081,"group":{"id":"lifecycle","version":"9"},"event":{"count":1,"data":{"created":1571637745081},"id":"project.closed"}}
{"session":"560570870936","build":"183.5912.21","bucket":"-1","time":1571637760791,"group":{"id":"statistics.lifecycle.project","version":"9"},"event":{"count":1,"data":{"created":1571637760791,"project":"-871755577"},"id":"project.opened"}}
{"session":"560570870936","build":"183.5912.21","bucket":"-1","time":1571637760791,"group":{"id":"lifecycle","version":"9"},"event":{"count":1,"data":{"created":1571637760792},"id":"project.opened"}}
{"session":"560570870936","build":"183.5912.21","bucket":"-1","time":1571637761025,"group":{"id":"toolwindow.v2","version":"9"},"event":{"count":1,"data":{"created":1571637761025,"data_1":"Windows"},"id":"Project_by_Activation"}}
{"session":"560570870936","build":"183.5912.21","bucket":"-1","time":1571637761160,"group":{"id":"statistics.lifecycle.project","version":"9"},"event":{"count":1,"data":{"created":1571637761173,"project":"-871755577"},"id":"project.open.time.0"}}
{"session":"560570870936","build":"183.5912.21","bucket":"-1","time":1571637761160,"group":{"id":"lifecycle","version":"9"},"event":{"count":1,"data":{"created":1571637761177,"time.ms":544},"id":"project.opening.finished"}}
{"session":"560570870936","build":"183.5912.21","bucket":"-1","time":1571637786348,"group":{"id":"statistics.lifecycle.app","version":"9"},"event":{"count":1,"data":{"created":1571637786348},"id":"ide.close"}}
{"session":"560570870936","build":"183.5912.21","bucket":"-1","time":1571637786348,"group":{"id":"lifecycle","version":"9"},"event":{"count":1,"data":{"restart":false,"created":1571637786348},"id":"app.closed"}}
{"session":"560570870936","build":"183.5912.21","bucket":"-1","time":1571637786400,"group":{"id":"statistics.lifecycle.project","version":"9"},"event":{"count":1,"data":{"created":1571637786400,"project":"-871755577"},"id":"project.closed"}}
{"session":"560570870936","build":"183.5912.21","bucket":"-1","time":1571637786474,"group":{"id":"lifecycle","version":"9"},"event":{"count":1,"data":{"created":1571637786476},"id":"project.closed"}}
