{"session":"ec0b2d9609e1","build":"183.5912.21","bucket":"-1","time":1571455744684,"group":{"id":"ui.dialogs","version":"9"},"event":{"count":1,"data":{"code":0,"created":1571455744684,"type":"close"},"id":"com.intellij.refactoring.copy.CopyFilesOrDirectoriesDialog"}}
{"session":"ec0b2d9609e1","build":"183.5912.21","bucket":"-1","time":1571455745529,"group":{"id":"statistics.file.types.open","version":"9"},"event":{"count":1,"data":{"created":1571455745529,"project":"1016230502"},"id":"JavaScript"}}
{"session":"ec0b2d9609e1","build":"183.5912.21","bucket":"-1","time":1571455779919,"group":{"id":"actions.v2","version":"9"},"event":{"count":1,"data":{"context_menu":true,"created":1571455779919,"place":"ProjectViewPopup","data_1":"Windows"},"id":"NewClass"}}
{"session":"ec0b2d9609e1","build":"183.5912.21","bucket":"-1","time":1571455779925,"group":{"id":"ui.dialogs","version":"9"},"event":{"count":1,"data":{"created":1571455779925,"type":"show"},"id":"com.intellij.ide.actions.CreateFileFromTemplateDialog"}}
{"session":"ec0b2d9609e1","build":"183.5912.21","bucket":"-1","time":1571455787845,"group":{"id":"ui.dialogs","version":"9"},"event":{"count":1,"data":{"code":0,"created":1571455787845,"type":"close"},"id":"com.intellij.ide.fileTemplates.ui.CreateFromTemplateDialog"}}
{"session":"ec0b2d9609e1","build":"183.5912.21","bucket":"-1","time":1571455787846,"group":{"id":"ui.dialogs","version":"9"},"event":{"count":1,"data":{"code":0,"created":1571455787846,"type":"close"},"id":"com.intellij.ide.actions.CreateFileFromTemplateDialog"}}
{"session":"ec0b2d9609e1","build":"183.5912.21","bucket":"-1","time":1571455787880,"group":{"id":"statistics.file.types.open","version":"9"},"event":{"count":1,"data":{"created":1571455787880,"project":"1016230502"},"id":"JAVA"}}
{"session":"ec0b2d9609e1","build":"183.5912.21","bucket":"-1","time":1571455789658,"group":{"id":"actions.v2","version":"9"},"event":{"count":1,"data":{"context_menu":false,"created":1571455789658,"data_1":"Windows","input_event":"Enter"},"id":"EditorEnter"}}
{"session":"ec0b2d9609e1","build":"183.5912.21","bucket":"-1","time":1571455789658,"group":{"id":"statistics.file.types.edit","version":"9"},"event":{"count":1,"data":{"created":1571455789658,"project":"1016230502"},"id":"JAVA"}}
{"session":"ec0b2d9609e1","build":"183.5912.21","bucket":"-1","time":1571455834969,"group":{"id":"actions.v2","version":"9"},"event":{"count":1,"data":{"context_menu":false,"created":1571455834969,"data_1":"Windows","input_event":"Enter"},"id":"EditorChooseLookupItem"}}
{"session":"ec0b2d9609e1","build":"183.5912.21","bucket":"-1","time":1571455834977,"group":{"id":"statistics.productivity","version":"9"},"event":{"count":1,"data":{"created":1571455834977},"id":"editing.completion.basic"}}
{"session":"ec0b2d9609e1","build":"183.5912.21","bucket":"-1","time":1571455836559,"group":{"id":"statistics.productivity","version":"9"},"event":{"count":1,"data":{"created":1571455836559},"id":"editing.completion.variable.name"}}
{"session":"ec0b2d9609e1","build":"183.5912.21","bucket":"-1","time":1571455837691,"group":{"id":"actions.v2","version":"9"},"event":{"count":1,"data":{"context_menu":false,"created":1571455837691,"data_1":"Windows","input_event":"Enter"},"id":"EditorEnter"}}
{"session":"ec0b2d9609e1","build":"183.5912.21","bucket":"-1","time":1571455847395,"group":{"id":"statistics.productivity","version":"9"},"event":{"count":3,"data":{"last":1571455847980,"created":1571455847395},"id":"editing.completion.variable.name"}}
{"session":"ec0b2d9609e1","build":"183.5912.21","bucket":"-1","time":1571455849945,"group":{"id":"actions.v2","version":"9"},"event":{"count":1,"data":{"context_menu":false,"created":1571455849945,"data_1":"Windows","input_event":"Enter"},"id":"EditorEnter"}}
{"session":"ec0b2d9609e1","build":"183.5912.21","bucket":"-1","time":1571455849946,"group":{"id":"statistics.file.types.edit","version":"9"},"event":{"count":1,"data":{"created":1571455849946,"project":"1016230502"},"id":"JAVA"}}
{"session":"ec0b2d9609e1","build":"183.5912.21","bucket":"-1","time":1571455851569,"group":{"id":"actions.v2","version":"9"},"event":{"count":1,"data":{"context_menu":false,"created":1571455851569,"data_1":"Windows","input_event":"Alt+Shift+S"},"id":"context.save"}}
{"session":"ec0b2d9609e1","build":"183.5912.21","bucket":"-1","time":1571455851574,"group":{"id":"ui.dialogs","version":"9"},"event":{"count":1,"data":{"created":1571455851574,"type":"show"},"id":"com.intellij.openapi.ui.Messages$InputDialog"}}
{"session":"ec0b2d9609e1","build":"183.5912.21","bucket":"-1","time":1571455854368,"group":{"id":"ui.dialogs","version":"9"},"event":{"count":1,"data":{"code":2,"created":1571455854368,"type":"close"},"id":"com.intellij.openapi.ui.Messages$InputDialog"}}
{"session":"ec0b2d9609e1","build":"183.5912.21","bucket":"-1","time":1571455859941,"group":{"id":"actions.v2","version":"9"},"event":{"count":1,"data":{"context_menu":true,"created":1571455859941,"place":"EditorPopup","data_1":"Windows"},"id":"Generate"}}
{"session":"ec0b2d9609e1","build":"183.5912.21","bucket":"-1","time":1571456060695,"group":{"id":"actions.v2","version":"9"},"event":{"count":8,"data":{"context_menu":false,"last":1571456072240,"created":1571456060695,"data_1":"Windows","input_event":"Alt+Enter"},"id":"ShowIntentionActions"}}
{"session":"ec0b2d9609e1","build":"183.5912.21","bucket":"-1","time":1571456073872,"group":{"id":"statistics.productivity","version":"9"},"event":{"count":1,"data":{"created":1571456073872},"id":"editing.select.word"}}
{"session":"ec0b2d9609e1","build":"183.5912.21","bucket":"-1","time":1571456073997,"group":{"id":"actions.v2","version":"9"},"event":{"count":1,"data":{"context_menu":false,"created":1571456073997,"data_1":"Windows","input_event":"Ctrl+C"},"id":"EditorCopy"}}
{"session":"ec0b2d9609e1","build":"183.5912.21","bucket":"-1","time":1571456076519,"group":{"id":"actions.v2","version":"9"},"event":{"count":3,"data":{"context_menu":false,"last":1571456077431,"created":1571456076519,"data_1":"Windows","input_event":"Alt+Enter"},"id":"ShowIntentionActions"}}
{"session":"ec0b2d9609e1","build":"183.5912.21","bucket":"-1","time":1571456079664,"group":{"id":"actions.v2","version":"9"},"event":{"count":1,"data":{"context_menu":false,"created":1571456079664,"data_1":"Windows","input_event":"Ctrl+Enter"},"id":"EditorSplitLine"}}
{"session":"ec0b2d9609e1","build":"183.5912.21","bucket":"-1","time":1571456079664,"group":{"id":"statistics.file.types.edit","version":"9"},"event":{"count":1,"data":{"created":1571456079664,"project":"1016230502"},"id":"JAVA"}}
{"session":"ec0b2d9609e1","build":"183.5912.21","bucket":"-1","time":1571456081135,"group":{"id":"actions.v2","version":"9"},"event":{"count":1,"data":{"context_menu":false,"created":1571456081135,"data_1":"Windows","input_event":"Shift+Enter"},"id":"EditorStartNewLine"}}
{"session":"ec0b2d9609e1","build":"183.5912.21","bucket":"-1","time":1571456083151,"group":{"id":"actions.v2","version":"9"},"event":{"count":1,"data":{"context_menu":false,"created":1571456083151,"data_1":"Windows","input_event":"Alt+Enter"},"id":"ShowIntentionActions"}}
{"session":"ec0b2d9609e1","build":"183.5912.21","bucket":"-1","time":1571456086032,"group":{"id":"actions.v2","version":"9"},"event":{"count":1,"data":{"context_menu":false,"created":1571456086032,"data_1":"Windows","input_event":"Alt+Backspace"},"id":"$Undo"}}
{"session":"ec0b2d9609e1","build":"183.5912.21","bucket":"-1","time":1571456089759,"group":{"id":"actions.v2","version":"9"},"event":{"count":1,"data":{"context_menu":false,"created":1571456089759,"data_1":"Windows","input_event":"Alt+Enter"},"id":"ShowIntentionActions"}}
{"session":"ec0b2d9609e1","build":"183.5912.21","bucket":"-1","time":1571456093609,"group":{"id":"actions.v2","version":"9"},"event":{"count":1,"data":{"context_menu":false,"created":1571456093609,"data_1":"Windows","input_event":"Alt+Insert"},"id":"Generate"}}
{"session":"ec0b2d9609e1","build":"183.5912.21","bucket":"-1","time":1571456096939,"group":{"id":"actions.v2","version":"9"},"event":{"count":1,"data":{"context_menu":false,"created":1571456096939,"data_1":"Windows"},"id":"GenerateGetterAndSetter"}}
{"session":"ec0b2d9609e1","build":"183.5912.21","bucket":"-1","time":1571456097023,"group":{"id":"ui.dialogs","version":"9"},"event":{"count":1,"data":{"created":1571456097023,"type":"show"},"id":"com.intellij.codeInsight.generation.GenerateMembersHandlerBase$2"}}
{"session":"ec0b2d9609e1","build":"183.5912.21","bucket":"-1","time":1571456100831,"group":{"id":"ui.dialogs","version":"9"},"event":{"count":1,"data":{"code":0,"created":1571456100831,"type":"close"},"id":"com.intellij.codeInsight.generation.GenerateMembersHandlerBase$2"}}
{"session":"ec0b2d9609e1","build":"183.5912.21","bucket":"-1","time":1571456103504,"group":{"id":"actions.v2","version":"9"},"event":{"count":1,"data":{"context_menu":false,"created":1571456103504,"data_1":"Windows","input_event":"Backspace"},"id":"EditorBackSpace"}}
{"session":"ec0b2d9609e1","build":"183.5912.21","bucket":"-1","time":1571456106551,"group":{"id":"actions.v2","version":"9"},"event":{"count":1,"data":{"context_menu":false,"created":1571456106551,"data_1":"Windows","input_event":"Enter"},"id":"EditorEnter"}}
{"session":"ec0b2d9609e1","build":"183.5912.21","bucket":"-1","time":1571456108313,"group":{"id":"actions.v2","version":"9"},"event":{"count":1,"data":{"context_menu":false,"created":1571456108313,"data_1":"Windows","input_event":"Alt+Insert"},"id":"Generate"}}
{"session":"ec0b2d9609e1","build":"183.5912.21","bucket":"-1","time":1571456111932,"group":{"id":"actions.v2","version":"9"},"event":{"count":1,"data":{"context_menu":false,"created":1571456111932,"data_1":"Windows"},"id":"Actions.ActionsPlugin.GenerateToString"}}
{"session":"ec0b2d9609e1","build":"183.5912.21","bucket":"-1","time":1571456112037,"group":{"id":"ui.dialogs","version":"9"},"event":{"count":1,"data":{"created":1571456112037,"type":"show"},"id":"org.jetbrains.java.generate.GenerateToStringActionHandlerImpl$1"}}
{"session":"ec0b2d9609e1","build":"183.5912.21","bucket":"-1","time":1571456113944,"group":{"id":"ui.dialogs","version":"9"},"event":{"count":1,"data":{"code":0,"created":1571456113944,"type":"close"},"id":"org.jetbrains.java.generate.GenerateToStringActionHandlerImpl$1"}}
{"session":"ec0b2d9609e1","build":"183.5912.21","bucket":"-1","time":1571456116143,"group":{"id":"actions.v2","version":"9"},"event":{"count":1,"data":{"context_menu":false,"created":1571456116143,"data_1":"Windows","input_event":"Ctrl+S"},"id":"SaveAll"}}
{"session":"ec0b2d9609e1","build":"183.5912.21","bucket":"-1","time":1571456155140,"group":{"id":"actions.v2","version":"9"},"event":{"count":1,"data":{"context_menu":true,"created":1571456155140,"place":"ProjectViewPopup","data_1":"Windows"},"id":"NewClass"}}
{"session":"ec0b2d9609e1","build":"183.5912.21","bucket":"-1","time":1571456155144,"group":{"id":"ui.dialogs","version":"9"},"event":{"count":1,"data":{"created":1571456155144,"type":"show"},"id":"com.intellij.ide.actions.CreateFileFromTemplateDialog"}}
{"session":"ec0b2d9609e1","build":"183.5912.21","bucket":"-1","time":1571456171371,"group":{"id":"ui.dialogs","version":"9"},"event":{"count":1,"data":{"code":0,"created":1571456171371,"type":"close"},"id":"com.intellij.ide.fileTemplates.ui.CreateFromTemplateDialog"}}
{"session":"ec0b2d9609e1","build":"183.5912.21","bucket":"-1","time":1571456171372,"group":{"id":"ui.dialogs","version":"9"},"event":{"count":1,"data":{"code":0,"created":1571456171372,"type":"close"},"id":"com.intellij.ide.actions.CreateFileFromTemplateDialog"}}
{"session":"ec0b2d9609e1","build":"183.5912.21","bucket":"-1","time":1571456171406,"group":{"id":"statistics.file.types.open","version":"9"},"event":{"count":1,"data":{"created":1571456171406,"project":"1016230502"},"id":"JAVA"}}
{"session":"ec0b2d9609e1","build":"183.5912.21","bucket":"-1","time":1571456175711,"group":{"id":"actions.v2","version":"9"},"event":{"count":1,"data":{"context_menu":false,"created":1571456175711,"data_1":"Windows","input_event":"Enter"},"id":"EditorEnter"}}
{"session":"ec0b2d9609e1","build":"183.5912.21","bucket":"-1","time":1571456175711,"group":{"id":"statistics.file.types.edit","version":"9"},"event":{"count":1,"data":{"created":1571456175711,"project":"1016230502"},"id":"JAVA"}}
{"session":"ec0b2d9609e1","build":"183.5912.21","bucket":"-1","time":1571456187600,"group":{"id":"actions.v2","version":"9"},"event":{"count":1,"data":{"context_menu":false,"created":1571456187600,"data_1":"Windows","input_event":"Backspace"},"id":"EditorBackSpace"}}
{"session":"ec0b2d9609e1","build":"183.5912.21","bucket":"-1","time":1571456188920,"group":{"id":"actions.v2","version":"9"},"event":{"count":1,"data":{"context_menu":false,"created":1571456188920,"data_1":"Windows","input_event":"Enter"},"id":"EditorChooseLookupItem"}}
{"session":"ec0b2d9609e1","build":"183.5912.21","bucket":"-1","time":1571456188928,"group":{"id":"statistics.productivity","version":"9"},"event":{"count":1,"data":{"created":1571456188928},"id":"editing.completion.basic"}}
{"session":"ec0b2d9609e1","build":"183.5912.21","bucket":"-1","time":1571456198247,"group":{"id":"actions.v2","version":"9"},"event":{"count":1,"data":{"context_menu":false,"created":1571456198247,"data_1":"Windows","input_event":"Enter"},"id":"EditorChooseLookupItem"}}
{"session":"ec0b2d9609e1","build":"183.5912.21","bucket":"-1","time":1571456198255,"group":{"id":"statistics.productivity","version":"9"},"event":{"count":1,"data":{"created":1571456198255},"id":"editing.completion.basic"}}
{"session":"ec0b2d9609e1","build":"183.5912.21","bucket":"-1","time":1571456198855,"group":{"id":"actions.v2","version":"9"},"event":{"count":1,"data":{"context_menu":false,"created":1571456198855,"data_1":"Windows","input_event":"Right"},"id":"EditorRight"}}
{"session":"ec0b2d9609e1","build":"183.5912.21","bucket":"-1","time":1571456200732,"group":{"id":"statistics.productivity","version":"9"},"event":{"count":7,"data":{"last":1571456203234,"created":1571456200732},"id":"editing.completion.variable.name"}}
{"session":"ec0b2d9609e1","build":"183.5912.21","bucket":"-1","time":1571456205478,"group":{"id":"actions.v2","version":"9"},"event":{"count":1,"data":{"context_menu":false,"created":1571456205478,"data_1":"Windows","input_event":"Right"},"id":"EditorRight"}}
{"session":"ec0b2d9609e1","build":"183.5912.21","bucket":"-1","time":1571456207686,"group":{"id":"actions.v2","version":"9"},"event":{"count":1,"data":{"context_menu":false,"created":1571456207686,"data_1":"Windows","input_event":"Up"},"id":"EditorUp"}}
{"session":"ec0b2d9609e1","build":"183.5912.21","bucket":"-1","time":1571456213319,"group":{"id":"actions.v2","version":"9"},"event":{"count":1,"data":{"context_menu":false,"created":1571456213319,"data_1":"Windows","input_event":"Enter"},"id":"EditorEnter"}}
{"session":"ec0b2d9609e1","build":"183.5912.21","bucket":"-1","time":1571456215478,"group":{"id":"actions.v2","version":"9"},"event":{"count":2,"data":{"context_menu":false,"last":1571456215631,"created":1571456215478,"data_1":"Windows","input_event":"Backspace"},"id":"EditorBackSpace"}}
{"session":"ec0b2d9609e1","build":"183.5912.21","bucket":"-1","time":1571456224735,"group":{"id":"actions.v2","version":"9"},"event":{"count":2,"data":{"context_menu":false,"last":1571456226695,"created":1571456224735,"data_1":"Windows","input_event":"Enter"},"id":"EditorEnter"}}
{"session":"ec0b2d9609e1","build":"183.5912.21","bucket":"-1","time":1571456281435,"group":{"id":"statistics.file.types.edit","version":"9"},"event":{"count":1,"data":{"created":1571456281435,"project":"1016230502"},"id":"JAVA"}}
{"session":"ec0b2d9609e1","build":"183.5912.21","bucket":"-1","time":1571456286631,"group":{"id":"actions.v2","version":"9"},"event":{"count":1,"data":{"context_menu":false,"created":1571456286631,"data_1":"Windows","input_event":"Ctrl+S"},"id":"SaveAll"}}
{"session":"ec0b2d9609e1","build":"183.5912.21","bucket":"-1","time":1571456301077,"group":{"id":"actions.v2","version":"9"},"event":{"count":1,"data":{"context_menu":true,"created":1571456301077,"place":"ProjectViewPopup","data_1":"Windows"},"id":"NewClass"}}
{"session":"ec0b2d9609e1","build":"183.5912.21","bucket":"-1","time":1571456301082,"group":{"id":"ui.dialogs","version":"9"},"event":{"count":1,"data":{"created":1571456301082,"type":"show"},"id":"com.intellij.ide.actions.CreateFileFromTemplateDialog"}}
{"session":"ec0b2d9609e1","build":"183.5912.21","bucket":"-1","time":1571456313463,"group":{"id":"ui.dialogs","version":"9"},"event":{"count":1,"data":{"code":0,"created":1571456313463,"type":"close"},"id":"com.intellij.ide.fileTemplates.ui.CreateFromTemplateDialog"}}
{"session":"ec0b2d9609e1","build":"183.5912.21","bucket":"-1","time":1571456313464,"group":{"id":"ui.dialogs","version":"9"},"event":{"count":1,"data":{"code":0,"created":1571456313465,"type":"close"},"id":"com.intellij.ide.actions.CreateFileFromTemplateDialog"}}
{"session":"ec0b2d9609e1","build":"183.5912.21","bucket":"-1","time":1571456313498,"group":{"id":"statistics.file.types.open","version":"9"},"event":{"count":1,"data":{"created":1571456313498,"project":"1016230502"},"id":"JAVA"}}
{"session":"ec0b2d9609e1","build":"183.5912.21","bucket":"-1","time":1571456315097,"group":{"id":"statistics.productivity","version":"9"},"event":{"count":1,"data":{"created":1571456315097},"id":"editing.select.word"}}
{"session":"ec0b2d9609e1","build":"183.5912.21","bucket":"-1","time":1571456315229,"group":{"id":"actions.v2","version":"9"},"event":{"count":1,"data":{"context_menu":false,"created":1571456315229,"data_1":"Windows","input_event":"Ctrl+C"},"id":"EditorCopy"}}
{"session":"ec0b2d9609e1","build":"183.5912.21","bucket":"-1","time":1571456317335,"group":{"id":"statistics.file.types.edit","version":"9"},"event":{"count":1,"data":{"created":1571456317335,"project":"1016230502"},"id":"JAVA"}}
{"session":"ec0b2d9609e1","build":"183.5912.21","bucket":"-1","time":1571456318415,"group":{"id":"actions.v2","version":"9"},"event":{"count":1,"data":{"context_menu":false,"created":1571456318415,"data_1":"Windows","input_event":"Enter"},"id":"EditorChooseLookupItem"}}
{"session":"ec0b2d9609e1","build":"183.5912.21","bucket":"-1","time":1571456318422,"group":{"id":"statistics.productivity","version":"9"},"event":{"count":1,"data":{"created":1571456318422},"id":"editing.completion.basic"}}
{"session":"ec0b2d9609e1","build":"183.5912.21","bucket":"-1","time":1571456322975,"group":{"id":"actions.v2","version":"9"},"event":{"count":1,"data":{"context_menu":false,"created":1571456322975,"data_1":"Windows","input_event":"Backspace"},"id":"EditorBackSpace"}}
{"session":"ec0b2d9609e1","build":"183.5912.21","bucket":"-1","time":1571456323935,"group":{"id":"actions.v2","version":"9"},"event":{"count":1,"data":{"context_menu":false,"created":1571456323935,"data_1":"Windows","input_event":"Alt+Slash"},"id":"CodeCompletion"}}
{"session":"ec0b2d9609e1","build":"183.5912.21","bucket":"-1","time":1571456323935,"group":{"id":"statistics.productivity","version":"9"},"event":{"count":1,"data":{"created":1571456323935},"id":"editing.completion.basic"}}
{"session":"ec0b2d9609e1","build":"183.5912.21","bucket":"-1","time":1571456326856,"group":{"id":"actions.v2","version":"9"},"event":{"count":3,"data":{"context_menu":false,"last":1571456327367,"created":1571456326856,"data_1":"Windows","input_event":"Backspace"},"id":"EditorBackSpace"}}
{"session":"ec0b2d9609e1","build":"183.5912.21","bucket":"-1","time":1571456331464,"group":{"id":"actions.v2","version":"9"},"event":{"count":1,"data":{"context_menu":false,"created":1571456331464,"data_1":"Windows","input_event":"Enter"},"id":"EditorChooseLookupItem"}}
{"session":"ec0b2d9609e1","build":"183.5912.21","bucket":"-1","time":1571456331473,"group":{"id":"statistics.productivity","version":"9"},"event":{"count":1,"data":{"created":1571456331473},"id":"editing.completion.basic"}}
{"session":"ec0b2d9609e1","build":"183.5912.21","bucket":"-1","time":1571456334196,"group":{"id":"statistics.actions.intentions","version":"9"},"event":{"count":1,"data":{"created":1571456334196,"data_1":"Windows"},"id":"JAVA_daemon.impl.quickfix.ImplementMethodsFix"}}
{"session":"ec0b2d9609e1","build":"183.5912.21","bucket":"-1","time":1571456334196,"group":{"id":"statistics.productivity","version":"9"},"event":{"count":1,"data":{"created":1571456334196},"id":"codeassists.overrideimplement"}}
{"session":"ec0b2d9609e1","build":"183.5912.21","bucket":"-1","time":1571456334203,"group":{"id":"ui.dialogs","version":"9"},"event":{"count":1,"data":{"created":1571456334203,"type":"show"},"id":"com.intellij.codeInsight.generation.JavaOverrideImplementMemberChooser"}}
{"session":"ec0b2d9609e1","build":"183.5912.21","bucket":"-1","time":1571456336431,"group":{"id":"ui.dialogs","version":"9"},"event":{"count":1,"data":{"code":0,"created":1571456336431,"type":"close"},"id":"com.intellij.codeInsight.generation.JavaOverrideImplementMemberChooser"}}
{"session":"ec0b2d9609e1","build":"183.5912.21","bucket":"-1","time":1571456390156,"group":{"id":"actions.v2","version":"9"},"event":{"count":1,"data":{"context_menu":true,"created":1571456390156,"place":"ProjectViewPopup","data_1":"Windows"},"id":"NewClass"}}
{"session":"ec0b2d9609e1","build":"183.5912.21","bucket":"-1","time":1571456390159,"group":{"id":"ui.dialogs","version":"9"},"event":{"count":1,"data":{"created":1571456390159,"type":"show"},"id":"com.intellij.ide.actions.CreateFileFromTemplateDialog"}}
{"session":"ec0b2d9609e1","build":"183.5912.21","bucket":"-1","time":1571456400520,"group":{"id":"actions.v2","version":"9"},"event":{"count":1,"data":{"context_menu":false,"created":1571456400520,"data_1":"Windows","input_event":"Backspace"},"id":"EditorBackSpace"}}
{"session":"ec0b2d9609e1","build":"183.5912.21","bucket":"-1","time":1571456424160,"group":{"id":"ui.dialogs","version":"9"},"event":{"count":1,"data":{"code":0,"created":1571456424160,"type":"close"},"id":"com.intellij.ide.fileTemplates.ui.CreateFromTemplateDialog"}}
{"session":"ec0b2d9609e1","build":"183.5912.21","bucket":"-1","time":1571456424161,"group":{"id":"ui.dialogs","version":"9"},"event":{"count":1,"data":{"code":0,"created":1571456424161,"type":"close"},"id":"com.intellij.ide.actions.CreateFileFromTemplateDialog"}}
{"session":"ec0b2d9609e1","build":"183.5912.21","bucket":"-1","time":1571456424187,"group":{"id":"statistics.file.types.open","version":"9"},"event":{"count":1,"data":{"created":1571456424187,"project":"1016230502"},"id":"JAVA"}}
{"session":"ec0b2d9609e1","build":"183.5912.21","bucket":"-1","time":1571456447457,"group":{"id":"actions.v2","version":"9"},"event":{"count":3,"data":{"context_menu":false,"last":1571456454048,"created":1571456447457,"data_1":"Windows","input_event":"Ctrl+C"},"id":"EditorCopy"}}
{"session":"ec0b2d9609e1","build":"183.5912.21","bucket":"-1","time":1571456460065,"group":{"id":"actions.v2","version":"9"},"event":{"count":1,"data":{"context_menu":false,"created":1571456460065,"data_1":"Windows","input_event":"Shift+Enter"},"id":"EditorStartNewLine"}}
{"session":"ec0b2d9609e1","build":"183.5912.21","bucket":"-1","time":1571456460864,"group":{"id":"actions.v2","version":"9"},"event":{"count":1,"data":{"context_menu":false,"created":1571456460865,"data_1":"Windows","input_event":"Ctrl+V"},"id":"EditorPaste"}}
{"session":"ec0b2d9609e1","build":"183.5912.21","bucket":"-1","time":1571456460883,"group":{"id":"ui.dialogs","version":"9"},"event":{"count":1,"data":{"created":1571456460883,"type":"show"},"id":"com.intellij.codeInsight.editorActions.RestoreReferencesDialog"}}
{"session":"ec0b2d9609e1","build":"183.5912.21","bucket":"-1","time":1571456463555,"group":{"id":"ui.dialogs","version":"9"},"event":{"count":1,"data":{"code":1,"created":1571456463555,"type":"close"},"id":"com.intellij.codeInsight.editorActions.RestoreReferencesDialog"}}
{"session":"ec0b2d9609e1","build":"183.5912.21","bucket":"-1","time":1571456466049,"group":{"id":"statistics.file.types.edit","version":"9"},"event":{"count":1,"data":{"created":1571456466049,"project":"1016230502"},"id":"JAVA"}}
{"session":"ec0b2d9609e1","build":"183.5912.21","bucket":"-1","time":1571456467232,"group":{"id":"actions.v2","version":"9"},"event":{"count":2,"data":{"context_menu":false,"last":1571456467415,"created":1571456467232,"data_1":"Windows","input_event":"Backspace"},"id":"EditorBackSpace"}}
{"session":"ec0b2d9609e1","build":"183.5912.21","bucket":"-1","time":1571456468176,"group":{"id":"actions.v2","version":"9"},"event":{"count":1,"data":{"context_menu":false,"created":1571456468176,"data_1":"Windows","input_event":"Alt+Slash"},"id":"CodeCompletion"}}
{"session":"ec0b2d9609e1","build":"183.5912.21","bucket":"-1","time":1571456468176,"group":{"id":"statistics.productivity","version":"9"},"event":{"count":1,"data":{"created":1571456468176},"id":"editing.completion.basic"}}
{"session":"ec0b2d9609e1","build":"183.5912.21","bucket":"-1","time":1571456468976,"group":{"id":"actions.v2","version":"9"},"event":{"count":1,"data":{"context_menu":false,"created":1571456468976,"data_1":"Windows","input_event":"Enter"},"id":"EditorChooseLookupItem"}}
{"session":"ec0b2d9609e1","build":"183.5912.21","bucket":"-1","time":1571456473417,"group":{"id":"actions.v2","version":"9"},"event":{"count":1,"data":{"context_menu":false,"created":1571456473417,"data_1":"Windows","input_event":"Alt+Slash"},"id":"CodeCompletion"}}
{"session":"ec0b2d9609e1","build":"183.5912.21","bucket":"-1","time":1571456473417,"group":{"id":"statistics.productivity","version":"9"},"event":{"count":1,"data":{"created":1571456473417},"id":"editing.completion.basic"}}
{"session":"ec0b2d9609e1","build":"183.5912.21","bucket":"-1","time":1571456474656,"group":{"id":"actions.v2","version":"9"},"event":{"count":1,"data":{"context_menu":false,"created":1571456474656,"data_1":"Windows","input_event":"Enter"},"id":"EditorChooseLookupItem"}}
{"session":"ec0b2d9609e1","build":"183.5912.21","bucket":"-1","time":1571456486741,"group":{"id":"actions.v2","version":"9"},"event":{"count":1,"data":{"context_menu":true,"created":1571456486741,"place":"ProjectViewPopup","data_1":"Windows"},"id":"NewClass"}}
{"session":"ec0b2d9609e1","build":"183.5912.21","bucket":"-1","time":1571456486745,"group":{"id":"ui.dialogs","version":"9"},"event":{"count":1,"data":{"created":1571456486746,"type":"show"},"id":"com.intellij.ide.actions.CreateFileFromTemplateDialog"}}
{"session":"ec0b2d9609e1","build":"183.5912.21","bucket":"-1","time":1571456501583,"group":{"id":"actions.v2","version":"9"},"event":{"count":1,"data":{"context_menu":false,"created":1571456501583,"data_1":"Windows"},"id":"DialogOkAction_Enter"}}
{"session":"ec0b2d9609e1","build":"183.5912.21","bucket":"-1","time":1571456501662,"group":{"id":"ui.dialogs","version":"9"},"event":{"count":1,"data":{"code":0,"created":1571456501662,"type":"close"},"id":"com.intellij.ide.fileTemplates.ui.CreateFromTemplateDialog"}}
{"session":"ec0b2d9609e1","build":"183.5912.21","bucket":"-1","time":1571456501664,"group":{"id":"ui.dialogs","version":"9"},"event":{"count":1,"data":{"code":0,"created":1571456501664,"type":"close"},"id":"com.intellij.ide.actions.CreateFileFromTemplateDialog"}}
{"session":"ec0b2d9609e1","build":"183.5912.21","bucket":"-1","time":1571456501692,"group":{"id":"statistics.file.types.open","version":"9"},"event":{"count":1,"data":{"created":1571456501692,"project":"1016230502"},"id":"JAVA"}}
{"session":"ec0b2d9609e1","build":"183.5912.21","bucket":"-1","time":1571456504210,"group":{"id":"statistics.file.types.edit","version":"9"},"event":{"count":1,"data":{"created":1571456504210,"project":"1016230502"},"id":"JAVA"}}
{"session":"ec0b2d9609e1","build":"183.5912.21","bucket":"-1","time":1571456505698,"group":{"id":"actions.v2","version":"9"},"event":{"count":1,"data":{"context_menu":false,"created":1571456505698,"data_1":"Windows","input_event":"Enter"},"id":"EditorChooseLookupItem"}}
{"session":"ec0b2d9609e1","build":"183.5912.21","bucket":"-1","time":1571456505705,"group":{"id":"statistics.productivity","version":"9"},"event":{"count":1,"data":{"created":1571456505705},"id":"editing.completion.basic"}}
{"session":"ec0b2d9609e1","build":"183.5912.21","bucket":"-1","time":1571456509304,"group":{"id":"actions.v2","version":"9"},"event":{"count":5,"data":{"context_menu":false,"last":1571456512433,"created":1571456509304,"data_1":"Windows","input_event":"Backspace"},"id":"EditorBackSpace"}}
{"session":"ec0b2d9609e1","build":"183.5912.21","bucket":"-1","time":1571456519880,"group":{"id":"actions.v2","version":"9"},"event":{"count":2,"data":{"context_menu":false,"last":1571456520080,"created":1571456519880,"data_1":"Windows","input_event":"Down"},"id":"EditorDown"}}
{"session":"ec0b2d9609e1","build":"183.5912.21","bucket":"-1","time":1571456520825,"group":{"id":"actions.v2","version":"9"},"event":{"count":1,"data":{"context_menu":false,"created":1571456520825,"data_1":"Windows","input_event":"Enter"},"id":"EditorChooseLookupItem"}}
{"session":"ec0b2d9609e1","build":"183.5912.21","bucket":"-1","time":1571456520831,"group":{"id":"statistics.productivity","version":"9"},"event":{"count":1,"data":{"created":1571456520831},"id":"editing.completion.basic"}}
{"session":"ec0b2d9609e1","build":"183.5912.21","bucket":"-1","time":1571456523213,"group":{"id":"statistics.actions.intentions","version":"9"},"event":{"count":1,"data":{"created":1571456523214,"data_1":"Windows"},"id":"JAVA_daemon.impl.quickfix.ImplementMethodsFix"}}
{"session":"ec0b2d9609e1","build":"183.5912.21","bucket":"-1","time":1571456523214,"group":{"id":"statistics.productivity","version":"9"},"event":{"count":1,"data":{"created":1571456523214},"id":"codeassists.overrideimplement"}}
{"session":"ec0b2d9609e1","build":"183.5912.21","bucket":"-1","time":1571456523217,"group":{"id":"ui.dialogs","version":"9"},"event":{"count":1,"data":{"created":1571456523217,"type":"show"},"id":"com.intellij.codeInsight.generation.JavaOverrideImplementMemberChooser"}}
{"session":"ec0b2d9609e1","build":"183.5912.21","bucket":"-1","time":1571456523397,"group":{"id":"statistics.ui.toolbar.clicks","version":"9"},"event":{"count":1,"data":{"created":1571456523397,"data_1":"Windows"},"id":"com.intellij.ide.util.MemberChooser$SortEmAction@MemberChooser"}}
{"session":"ec0b2d9609e1","build":"183.5912.21","bucket":"-1","time":1571456524505,"group":{"id":"ui.dialogs","version":"9"},"event":{"count":1,"data":{"code":0,"created":1571456524505,"type":"close"},"id":"com.intellij.codeInsight.generation.JavaOverrideImplementMemberChooser"}}
{"session":"ec0b2d9609e1","build":"183.5912.21","bucket":"-1","time":1571456592769,"group":{"id":"actions.v2","version":"9"},"event":{"count":1,"data":{"context_menu":false,"created":1571456592769,"data_1":"Windows","input_event":"Ctrl+V"},"id":"$Paste"}}
{"session":"ec0b2d9609e1","build":"183.5912.21","bucket":"-1","time":1571456592777,"group":{"id":"ui.dialogs","version":"9"},"event":{"count":1,"data":{"created":1571456592777,"type":"show"},"id":"com.intellij.refactoring.copy.CopyFilesOrDirectoriesDialog"}}
{"session":"ec0b2d9609e1","build":"183.5912.21","bucket":"-1","time":1571456594321,"group":{"id":"ui.dialogs","version":"9"},"event":{"count":1,"data":{"code":0,"created":1571456594321,"type":"close"},"id":"com.intellij.refactoring.copy.CopyFilesOrDirectoriesDialog"}}
{"session":"ec0b2d9609e1","build":"183.5912.21","bucket":"-1","time":1571456594425,"group":{"id":"statistics.file.types.open","version":"9"},"event":{"count":1,"data":{"created":1571456594425,"project":"1016230502"},"id":"JAVA"}}
{"session":"ec0b2d9609e1","build":"183.5912.21","bucket":"-1","time":1571456620361,"group":{"id":"actions.v2","version":"9"},"event":{"count":1,"data":{"context_menu":false,"created":1571456620361,"data_1":"Windows","input_event":"Enter"},"id":"EditorEnter"}}
{"session":"ec0b2d9609e1","build":"183.5912.21","bucket":"-1","time":1571456620361,"group":{"id":"statistics.file.types.edit","version":"9"},"event":{"count":1,"data":{"created":1571456620361,"project":"1016230502"},"id":"JAVA"}}
{"session":"ec0b2d9609e1","build":"183.5912.21","bucket":"-1","time":1571456646153,"group":{"id":"actions.v2","version":"9"},"event":{"count":4,"data":{"context_menu":false,"last":1571456648529,"created":1571456646153,"data_1":"Windows","input_event":"Backspace"},"id":"EditorBackSpace"}}
{"session":"ec0b2d9609e1","build":"183.5912.21","bucket":"-1","time":1571456652329,"group":{"id":"actions.v2","version":"9"},"event":{"count":1,"data":{"context_menu":false,"created":1571456652329,"data_1":"Windows","input_event":"Enter"},"id":"EditorEnter"}}
{"session":"ec0b2d9609e1","build":"183.5912.21","bucket":"-1","time":1571456665761,"group":{"id":"actions.v2","version":"9"},"event":{"count":1,"data":{"context_menu":false,"created":1571456665761,"data_1":"Windows","input_event":"Enter"},"id":"EditorChooseLookupItem"}}
{"session":"ec0b2d9609e1","build":"183.5912.21","bucket":"-1","time":1571456665772,"group":{"id":"statistics.productivity","version":"9"},"event":{"count":1,"data":{"created":1571456665773},"id":"editing.completion.basic"}}
{"session":"ec0b2d9609e1","build":"183.5912.21","bucket":"-1","time":1571456670855,"group":{"id":"actions.v2","version":"9"},"event":{"count":1,"data":{"context_menu":false,"created":1571456670855,"data_1":"Windows","input_event":"Ctrl+C"},"id":"EditorCopy"}}
{"session":"ec0b2d9609e1","build":"183.5912.21","bucket":"-1","time":1571456671457,"group":{"id":"actions.v2","version":"9"},"event":{"count":4,"data":{"context_menu":false,"last":1571456677038,"created":1571456671457,"data_1":"Windows","input_event":"Backspace"},"id":"EditorBackSpace"}}
{"session":"ec0b2d9609e1","build":"183.5912.21","bucket":"-1","time":1571456680770,"group":{"id":"statistics.file.types.edit","version":"9"},"event":{"count":1,"data":{"created":1571456680770,"project":"1016230502"},"id":"JAVA"}}
{"session":"ec0b2d9609e1","build":"183.5912.21","bucket":"-1","time":1571456686703,"group":{"id":"statistics.productivity","version":"9"},"event":{"count":1,"data":{"created":1571456686703},"id":"editing.completion.basic"}}
{"session":"ec0b2d9609e1","build":"183.5912.21","bucket":"-1","time":1571456686715,"group":{"id":"actions.v2","version":"9"},"event":{"count":1,"data":{"context_menu":false,"created":1571456686715,"data_1":"Windows","input_event":"Ctrl+C"},"id":"EditorCopy"}}
{"session":"ec0b2d9609e1","build":"183.5912.21","bucket":"-1","time":1571456696951,"group":{"id":"statistics.productivity","version":"9"},"event":{"count":1,"data":{"created":1571456696951},"id":"editing.completion.basic"}}
{"session":"ec0b2d9609e1","build":"183.5912.21","bucket":"-1","time":1571456696999,"group":{"id":"actions.v2","version":"9"},"event":{"count":1,"data":{"context_menu":false,"created":1571456696999,"data_1":"Windows","input_event":"Ctrl+C"},"id":"EditorCopy"}}
{"session":"ec0b2d9609e1","build":"183.5912.21","bucket":"-1","time":1571456713307,"group":{"id":"actions.v2","version":"9"},"event":{"count":1,"data":{"context_menu":false,"created":1571456713307,"data_1":"Windows","input_event":"Alt+Slash"},"id":"CodeCompletion"}}
{"session":"ec0b2d9609e1","build":"183.5912.21","bucket":"-1","time":1571456713308,"group":{"id":"statistics.productivity","version":"9"},"event":{"count":1,"data":{"created":1571456713308},"id":"editing.completion.basic"}}
{"session":"ec0b2d9609e1","build":"183.5912.21","bucket":"-1","time":1571456713996,"group":{"id":"actions.v2","version":"9"},"event":{"count":2,"data":{"context_menu":false,"last":1571456714212,"created":1571456713996,"data_1":"Windows","input_event":"Backspace"},"id":"EditorBackSpace"}}
{"session":"ec0b2d9609e1","build":"183.5912.21","bucket":"-1","time":1571456717377,"group":{"id":"actions.v2","version":"9"},"event":{"count":1,"data":{"context_menu":false,"created":1571456717377,"data_1":"Windows","input_event":"Alt+Slash"},"id":"CodeCompletion"}}
{"session":"ec0b2d9609e1","build":"183.5912.21","bucket":"-1","time":1571456717377,"group":{"id":"statistics.productivity","version":"9"},"event":{"count":1,"data":{"created":1571456717377},"id":"editing.completion.basic"}}
{"session":"ec0b2d9609e1","build":"183.5912.21","bucket":"-1","time":1571456718801,"group":{"id":"actions.v2","version":"9"},"event":{"count":5,"data":{"context_menu":false,"last":1571456720127,"created":1571456718801,"data_1":"Windows","input_event":"Backspace"},"id":"EditorBackSpace"}}
{"session":"ec0b2d9609e1","build":"183.5912.21","bucket":"-1","time":1571456722186,"group":{"id":"actions.v2","version":"9"},"event":{"count":1,"data":{"context_menu":false,"created":1571456722186,"data_1":"Windows","input_event":"Ctrl+S"},"id":"SaveAll"}}
{"session":"ec0b2d9609e1","build":"183.5912.21","bucket":"-1","time":1571471281621,"group":{"id":"statistics.lifecycle.app","version":"9"},"event":{"count":1,"data":{"created":1571471281621},"id":"ide.close"}}
{"session":"ec0b2d9609e1","build":"183.5912.21","bucket":"-1","time":1571471281621,"group":{"id":"lifecycle","version":"9"},"event":{"count":1,"data":{"restart":false,"created":1571471281621},"id":"app.closed"}}
{"session":"ec0b2d9609e1","build":"183.5912.21","bucket":"-1","time":1571471281665,"group":{"id":"statistics.lifecycle.project","version":"9"},"event":{"count":1,"data":{"created":1571471281665,"project":"1016230502"},"id":"project.closed"}}
{"session":"ec0b2d9609e1","build":"183.5912.21","bucket":"-1","time":1571471281745,"group":{"id":"lifecycle","version":"9"},"event":{"count":1,"data":{"created":1571471281745},"id":"project.closed"}}
